<?xml version="1.0" encoding="UTF-8"?>
<!-- Generated by org.testng.reporters.JUnitReportReporter -->
<testsuite hostname="DESKTOP-1352AHO" failures="0" tests="3" name="TestNG.DataProviserEx1" time="0.040" errors="0" timestamp="2025-02-21T15:09:21 IST" skipped="0">
  <testcase classname="TestNG.DataProviserEx1" name="bookTickets" time="0.027"/>
  <testcase classname="TestNG.DataProviserEx1" name="bookTickets" time="0.009"/>
  <testcase classname="TestNG.DataProviserEx1" name="bookTickets" time="0.004"/>
</testsuite> <!-- TestNG.DataProviserEx1 -->
