<?xml version="1.0" encoding="UTF-8"?>
<!-- Generated by org.testng.reporters.JUnitReportReporter -->
<testsuite hostname="DESKTOP-1352AHO" failures="0" tests="3" name="TestNG.SampleTestNG" time="0.075" errors="0" timestamp="2025-02-18T16:33:16 IST" skipped="0">
  <testcase classname="TestNG.SampleTestNG" name="createProduct" time="0.036"/>
  <testcase classname="TestNG.SampleTestNG" name="modifiedProduct" time="0.012"/>
  <testcase classname="TestNG.SampleTestNG" name="deleteProduct" time="0.027"/>
</testsuite> <!-- TestNG.SampleTestNG -->
