<?xml version="1.0" encoding="UTF-8"?>
<!-- Generated by org.testng.reporters.JUnitReportReporter -->
<testsuite hostname="DESKTOP-1352AHO" failures="0" tests="3" name="TestNG.DependsOnAndPriority" time="0.041" errors="0" timestamp="2025-02-18T16:48:00 IST" skipped="0">
  <testcase classname="TestNG.DependsOnAndPriority" name="createProduct" time="0.026"/>
  <testcase classname="TestNG.DependsOnAndPriority" name="deleteProduct" time="0.009"/>
  <testcase classname="TestNG.DependsOnAndPriority" name="modifiedProduct" time="0.006"/>
</testsuite> <!-- TestNG.DependsOnAndPriority -->
