<?xml version="1.0" encoding="UTF-8"?>
<!-- Generated by org.testng.reporters.JUnitReportReporter -->
<testsuite hostname="DESKTOP-1352AHO" failures="0" tests="3" name="TestNG.enabledAnnotation" time="0.043" errors="0" timestamp="2025-02-18T16:53:31 IST" skipped="1">
  <testcase classname="TestNG.enabledAnnotation" name="deleteProduct" time="0.019"/>
  <testcase classname="TestNG.enabledAnnotation" name="createProduct" time="0.024"/>
  <testcase classname="TestNG.enabledAnnotation" name="modifiedProduct">
    <skipped/>
  </testcase> <!-- modifiedProduct -->
</testsuite> <!-- TestNG.enabledAnnotation -->
