<?xml version="1.0" encoding="UTF-8"?>
<!-- Generated by org.testng.reporters.JUnitReportReporter -->
<testsuite hostname="DESKTOP-1352AHO" failures="0" tests="1" name="VtigerApplicationUsingTestNG.CreateProductTest" time="15.577" errors="0" timestamp="2025-02-24T15:55:28 IST" skipped="0">
  <testcase classname="VtigerApplicationUsingTestNG.CreateProductTest" name="CreateProductTest" time="15.577"/>
</testsuite> <!-- VtigerApplicationUsingTestNG.CreateProductTest -->
